<?xml version="1.0" encoding="UTF-8"?>
<testng-results ignored="0" total="1" passed="1" failed="0" skipped="0">
  <reporter-output>
  </reporter-output>
  <suite started-at="2019-08-27T19:59:05Z" name="Command line suite" finished-at="2019-08-27T19:59:05Z" duration-ms="36">
    <groups>
    </groups>
    <test started-at="2019-08-27T19:59:05Z" name="Command line test" finished-at="2019-08-27T19:59:05Z" duration-ms="36">
      <class name="com.rajiv.AppTest">
        <test-method signature="testApp()" started-at="2019-08-27T19:59:05Z" name="testApp" finished-at="2019-08-27T19:59:05Z" duration-ms="5" status="PASS">
          <reporter-output>
          </reporter-output>
        </test-method> <!-- testApp -->
      </class> <!-- com.rajiv.AppTest -->
    </test> <!-- Command line test -->
  </suite> <!-- Command line suite -->
</testng-results>
