<?xml version="1.0" encoding="UTF-8"?>
<testng-results ignored="0" total="6" passed="6" failed="0" skipped="0">
  <reporter-output>
  </reporter-output>
  <suite started-at="2019-08-27T21:17:41Z" name="Command line suite" finished-at="2019-08-27T21:17:41Z" duration-ms="20">
    <groups>
    </groups>
    <test started-at="2019-08-27T21:17:41Z" name="Command line test" finished-at="2019-08-27T21:17:41Z" duration-ms="20">
      <class name="qarajiv.AppiumTest">
        <test-method signature="IOSApps()[pri:0, instance:qarajiv.AppiumTest@3901d134]" started-at="2019-08-27T14:17:41Z" name="IOSApps" finished-at="2019-08-27T14:17:41Z" duration-ms="4" status="PASS">
          <reporter-output>
          </reporter-output>
        </test-method> <!-- IOSApps -->
        <test-method signature="NativeAPpAndroid()[pri:0, instance:qarajiv.AppiumTest@3901d134]" started-at="2019-08-27T14:17:41Z" name="NativeAPpAndroid" finished-at="2019-08-27T14:17:41Z" duration-ms="0" status="PASS">
          <reporter-output>
          </reporter-output>
        </test-method> <!-- NativeAPpAndroid -->
      </class> <!-- qarajiv.AppiumTest -->
      <class name="qarajiv.SeleniumTest">
        <test-method signature="BrowserAUtomation()[pri:0, instance:qarajiv.SeleniumTest@7b227d8d]" started-at="2019-08-27T14:17:41Z" name="BrowserAUtomation" finished-at="2019-08-27T14:17:41Z" duration-ms="0" status="PASS">
          <reporter-output>
          </reporter-output>
        </test-method> <!-- BrowserAUtomation -->
        <test-method signature="elementsUi()[pri:0, instance:qarajiv.SeleniumTest@7b227d8d]" started-at="2019-08-27T14:17:41Z" name="elementsUi" finished-at="2019-08-27T14:17:41Z" duration-ms="0" status="PASS">
          <reporter-output>
          </reporter-output>
        </test-method> <!-- elementsUi -->
      </class> <!-- qarajiv.SeleniumTest -->
      <class name="qarajiv.RESTAPITest">
        <test-method signature="deleteTwitter()[pri:0, instance:qarajiv.RESTAPITest@7219ec67]" started-at="2019-08-27T14:17:41Z" name="deleteTwitter" finished-at="2019-08-27T14:17:41Z" duration-ms="0" status="PASS">
          <reporter-output>
          </reporter-output>
        </test-method> <!-- deleteTwitter -->
        <test-method signature="postJira()[pri:0, instance:qarajiv.RESTAPITest@7219ec67]" started-at="2019-08-27T14:17:41Z" name="postJira" finished-at="2019-08-27T14:17:41Z" duration-ms="1" status="PASS">
          <reporter-output>
          </reporter-output>
        </test-method> <!-- postJira -->
      </class> <!-- qarajiv.RESTAPITest -->
    </test> <!-- Command line test -->
  </suite> <!-- Command line suite -->
</testng-results>
